# JRE version: OpenJDK Runtime Environment (11.0.11+9) (build 11.0.11+9-b60-7590822)
# Java VM: OpenJDK 64-Bit Server VM (11.0.11+9-b60-7590822, mixed mode, tiered, compressed oops, g1 gc, windows-amd64)
Heap:
 garbage-first heap   total 157696K, used 114039K [0x0000000080000000, 0x0000000100000000)
  region size 1024K, 57 young (58368K), 4 survivors (4096K)
 Metaspace       used 70041K, capacity 71587K, committed 71624K, reserved 1112064K
  class space    used 8922K, capacity 9530K, committed 9548K, reserved 1048576K
GC Heap History (20 events):
Event: 3.500 GC heap before
{Heap before GC invocations=3 (full 0):
 garbage-first heap   total 131072K, used 45681K [0x0000000080000000, 0x0000000100000000)
  region size 1024K, 36 young (36864K), 2 survivors (2048K)
 Metaspace       used 12998K, capacity 13332K, committed 13568K, reserved 1060864K
  class space    used 1421K, capacity 1535K, committed 1536K, reserved 1048576K
}
Event: 3.508 GC heap after
{Heap after GC invocations=4 (full 0):
 garbage-first heap   total 131072K, used 15157K [0x0000000080000000, 0x0000000100000000)
  region size 1024K, 5 young (5120K), 5 survivors (5120K)
 Metaspace       used 12998K, capacity 13332K, committed 13568K, reserved 1060864K
  class space    used 1421K, capacity 1535K, committed 1536K, reserved 1048576K
}
Event: 7.040 GC heap before
{Heap before GC invocations=4 (full 0):
 garbage-first heap   total 131072K, used 61237K [0x0000000080000000, 0x0000000100000000)
  region size 1024K, 51 young (52224K), 5 survivors (5120K)
 Metaspace       used 20705K, capacity 21168K, committed 21296K, reserved 1069056K
  class space    used 2533K, capacity 2660K, committed 2688K, reserved 1048576K
}
Event: 7.052 GC heap after
{Heap after GC invocations=5 (full 0):
 garbage-first heap   total 131072K, used 17596K [0x0000000080000000, 0x0000000100000000)
  region size 1024K, 3 young (3072K), 3 survivors (3072K)
 Metaspace       used 20705K, capacity 21168K, committed 21296K, reserved 1069056K
  class space    used 2533K, capacity 2660K, committed 2688K, reserved 1048576K
}
Event: 9.453 GC heap before
{Heap before GC invocations=6 (full 0):
 garbage-first heap   total 131072K, used 72892K [0x0000000080000000, 0x0000000100000000)
  region size 1024K, 57 young (58368K), 3 survivors (3072K)
 Metaspace       used 26288K, capacity 26930K, committed 27184K, reserved 1073152K
  class space    used 3435K, capacity 3651K, committed 3712K, reserved 1048576K
}
Event: 9.466 GC heap after
{Heap after GC invocations=7 (full 0):
 garbage-first heap   total 131072K, used 19568K [0x0000000080000000, 0x0000000100000000)
  region size 1024K, 5 young (5120K), 5 survivors (5120K)
 Metaspace       used 26288K, capacity 26930K, committed 27184K, reserved 1073152K
  class space    used 3435K, capacity 3651K, committed 3712K, reserved 1048576K
}
Event: 12.086 GC heap before
{Heap before GC invocations=7 (full 0):
 garbage-first heap   total 131072K, used 73840K [0x0000000080000000, 0x0000000100000000)
  region size 1024K, 59 young (60416K), 5 survivors (5120K)
 Metaspace       used 34857K, capacity 35635K, committed 35708K, reserved 1081344K
  class space    used 4522K, capacity 4857K, committed 4864K, reserved 1048576K
}
Event: 12.102 GC heap after
{Heap after GC invocations=8 (full 0):
 garbage-first heap   total 131072K, used 22980K [0x0000000080000000, 0x0000000100000000)
  region size 1024K, 8 young (8192K), 8 survivors (8192K)
 Metaspace       used 34857K, capacity 35635K, committed 35708K, reserved 1081344K
  class space    used 4522K, capacity 4857K, committed 4864K, reserved 1048576K
}
Event: 14.079 GC heap before
{Heap before GC invocations=9 (full 0):
 garbage-first heap   total 131072K, used 94660K [0x0000000080000000, 0x0000000100000000)
  region size 1024K, 76 young (77824K), 8 survivors (8192K)
 Metaspace       used 40447K, capacity 41379K, committed 41596K, reserved 1085440K
  class space    used 5171K, capacity 5529K, committed 5632K, reserved 1048576K
}
Event: 14.105 GC heap after
{Heap after GC invocations=10 (full 0):
 garbage-first heap   total 157696K, used 29078K [0x0000000080000000, 0x0000000100000000)
  region size 1024K, 10 young (10240K), 10 survivors (10240K)
 Metaspace       used 40447K, capacity 41379K, committed 41596K, reserved 1085440K
  class space    used 5171K, capacity 5529K, committed 5632K, reserved 1048576K
}
Event: 18.276 GC heap before
{Heap before GC invocations=10 (full 0):
 garbage-first heap   total 157696K, used 106902K [0x0000000080000000, 0x0000000100000000)
  region size 1024K, 86 young (88064K), 10 survivors (10240K)
 Metaspace       used 47023K, capacity 48191K, committed 48380K, reserved 1091584K
  class space    used 5995K, capacity 6423K, committed 6528K, reserved 1048576K
}
Event: 18.297 GC heap after
{Heap after GC invocations=11 (full 0):
 garbage-first heap   total 157696K, used 32573K [0x0000000080000000, 0x0000000100000000)
  region size 1024K, 10 young (10240K), 10 survivors (10240K)
 Metaspace       used 47023K, capacity 48191K, committed 48380K, reserved 1091584K
  class space    used 5995K, capacity 6423K, committed 6528K, reserved 1048576K
}
Event: 22.187 GC heap before
{Heap before GC invocations=11 (full 0):
 garbage-first heap   total 157696K, used 124733K [0x0000000080000000, 0x0000000100000000)
  region size 1024K, 92 young (94208K), 10 survivors (10240K)
 Metaspace       used 52792K, capacity 54152K, committed 54268K, reserved 1095680K
  class space    used 6694K, capacity 7196K, committed 7296K, reserved 1048576K
}
Event: 22.210 GC heap after
{Heap after GC invocations=12 (full 0):
 garbage-first heap   total 157696K, used 50802K [0x0000000080000000, 0x0000000100000000)
  region size 1024K, 12 young (12288K), 12 survivors (12288K)
 Metaspace       used 52792K, capacity 54152K, committed 54268K, reserved 1095680K
  class space    used 6694K, capacity 7196K, committed 7296K, reserved 1048576K
}
Event: 23.723 GC heap before
{Heap before GC invocations=12 (full 0):
 garbage-first heap   total 157696K, used 85618K [0x0000000080000000, 0x0000000100000000)
  region size 1024K, 47 young (48128K), 12 survivors (12288K)
 Metaspace       used 58445K, capacity 59829K, committed 59940K, reserved 1101824K
  class space    used 7401K, capacity 7891K, committed 7936K, reserved 1048576K
}
Event: 23.752 GC heap after
{Heap after GC invocations=13 (full 0):
 garbage-first heap   total 157696K, used 53747K [0x0000000080000000, 0x0000000100000000)
  region size 1024K, 3 young (3072K), 3 survivors (3072K)
 Metaspace       used 58445K, capacity 59829K, committed 59940K, reserved 1101824K
  class space    used 7401K, capacity 7891K, committed 7936K, reserved 1048576K
}
Event: 26.091 GC heap before
{Heap before GC invocations=14 (full 0):
 garbage-first heap   total 157696K, used 106995K [0x0000000080000000, 0x0000000100000000)
  region size 1024K, 56 young (57344K), 3 survivors (3072K)
 Metaspace       used 63653K, capacity 65117K, committed 65352K, reserved 1105920K
  class space    used 8045K, capacity 8601K, committed 8652K, reserved 1048576K
}
Event: 26.105 GC heap after
{Heap after GC invocations=15 (full 0):
 garbage-first heap   total 157696K, used 57027K [0x0000000080000000, 0x0000000100000000)
  region size 1024K, 6 young (6144K), 6 survivors (6144K)
 Metaspace       used 63653K, capacity 65117K, committed 65352K, reserved 1105920K
  class space    used 8045K, capacity 8601K, committed 8652K, reserved 1048576K
}
Event: 28.906 GC heap before
{Heap before GC invocations=16 (full 0):
 garbage-first heap   total 157696K, used 113347K [0x0000000080000000, 0x0000000100000000)
  region size 1024K, 60 young (61440K), 6 survivors (6144K)
 Metaspace       used 67226K, capacity 68803K, committed 68936K, reserved 1110016K
  class space    used 8510K, capacity 9094K, committed 9164K, reserved 1048576K
}
Event: 28.929 GC heap after
{Heap after GC invocations=17 (full 0):
 garbage-first heap   total 157696K, used 60791K [0x0000000080000000, 0x0000000100000000)
  region size 1024K, 4 young (4096K), 4 survivors (4096K)
 Metaspace       used 67226K, capacity 68803K, committed 68936K, reserved 1110016K
  class space    used 8510K, capacity 9094K, committed 9164K, reserved 1048576K
}

